Exporter version: 5.3-beta, Blender version: 2.78 (sub 0)
========= Conversion from Blender to Babylon.js =========
	Scene settings used:
		selected layers only:  false
		flat shading entire scene:  false
		inline textures:  false
		texture directory:  C:\Users\AXEON\Documents\GitHub\babylon-runtime\docs\assets\wonderfulFloatingSphere\
	Python World class constructor completed
	WARNING: No active camera has been assigned, or is not in a currently selected Blender layer
	processing begun of mesh:  wonderfulFloatingSphere.000
		processing begun of Standard material:  wonderfulFloatingSphere.000
			Reflection texture found "spheremap01.png"
				Image texture found, type:  reflectionTexture, mapped using: "UVMap"
			Ambient texture found "wonderfulFloatingSphere_lightmap"
				Image texture found, type:  ambientTexture, mapped using: "UV2"
		processing begun of Standard material:  wonderfulFloatingSphere.001
			Ambient texture found "wonderfulFloatingSphere_lightmap"
				Image texture found, type:  ambientTexture, mapped using: "UV2"
		processing begun of multimaterial:  wonderfulFloatingSphere.Multimaterial#0
		num positions      :  1518
		num normals        :  1518
		num uvs            :  3036
		num uvs2           :  3036
		num colors         :  0
		num indices        :  3984
========= Writing of scene file started =========
========= Writing of scene file completed =========
========= end of processing =========
elapsed time:  0 min, 0.1091 secs
